N = 100, eta = 0.0001, meta_c_n = 5, meta_s_n = 5
Pminpref = 0.01, Pminext = 0.01, b = 0.7, d = 3, theta = 0.3, T = 5
Compute S1, S1', S2, S3
First CostGreedy()
nowcost: 0 ,budget: 0.7
nowcost: 0.01 ,budget: 0.7
nowcost: 0.02 ,budget: 0.7
nowcost: 0.03 ,budget: 0.7
nowcost: 0.04 ,budget: 0.7
nowcost: 0.05 ,budget: 0.7
nowcost: 0.08 ,budget: 0.7
nowcost: 0.1 ,budget: 0.7
nowcost: 0.13 ,budget: 0.7
nowcost: 0.14 ,budget: 0.7
nowcost: 0.16 ,budget: 0.7
nowcost: 0.19 ,budget: 0.7
nowcost: 0.22 ,budget: 0.7
nowcost: 0.24 ,budget: 0.7
nowcost: 0.26 ,budget: 0.7
nowcost: 0.29 ,budget: 0.7
nowcost: 0.33 ,budget: 0.7
nowcost: 0.36 ,budget: 0.7
nowcost: 0.38 ,budget: 0.7
nowcost: 0.41 ,budget: 0.7
nowcost: 0.45 ,budget: 0.7
nowcost: 0.48 ,budget: 0.7
nowcost: 0.51 ,budget: 0.7
nowcost: 0.53 ,budget: 0.7
nowcost: 0.56 ,budget: 0.7
nowcost: 0.62 ,budget: 0.7
nowcost: 0.64 ,budget: 0.7
nowcost: 0.69 ,budget: 0.7
USM();
Second CostGreedy()
nowcost: 0 ,budget: 0.7
nowcost: 0.06 ,budget: 0.7
nowcost: 0.1 ,budget: 0.7
nowcost: 0.17 ,budget: 0.7
nowcost: 0.23 ,budget: 0.7
nowcost: 0.29 ,budget: 0.7
nowcost: 0.35 ,budget: 0.7
nowcost: 0.41 ,budget: 0.7
nowcost: 0.47 ,budget: 0.7
nowcost: 0.54 ,budget: 0.7
nowcost: 0.59 ,budget: 0.7
nowcost: 0.64 ,budget: 0.7
nowcost: 0.68 ,budget: 0.7
Single Greedy()
S1:
3 1 32
4 0 41
10 3 104
12 5 126
18 1 182
18 5 186
19 9 200
20 5 206
22 9 230
25 0 251
39 4 395
41 7 418
49 1 492
52 5 526
57 7 578
65 9 660
71 6 717
80 7 808
82 7 828
82 9 830
83 4 835
83 8 839
84 3 844
85 9 860
93 2 933
96 2 963
99 8 999
S1_usm:
4 0 41
10 3 104
12 5 126
18 1 182
19 9 200
20 5 206
22 9 230
25 0 251
41 7 418
49 1 492
57 7 578
65 9 660
82 7 828
82 9 830
83 8 839
84 3 844
85 9 860
99 8 999
S2:
4 1 42
8 1 82
23 7 238
23 9 240
45 2 453
48 2 483
55 0 551
68 3 684
69 0 691
69 8 699
74 4 745
76 1 762
S3:
41 8 419
S1 value[0] = 93.8658
S1_usm value[1] = 92.3875
S2 value[2] = 76.3919
S3 value[3] = 3.90298
The maximum Seeds is S1
Assignment()
S' is 
39 4 1
25 0 1
3 1 1
83 8 1
93 2 2
65 9 2
22 9 2
57 7 2
41 7 2
80 7 3
85 9 3
4 0 4
18 1 4
10 3 4
49 1 4
82 9 4
99 8 4
19 9 4
52 5 4
71 6 4
96 2 4
83 4 5
12 5 5
84 3 5
18 5 5
82 7 5
20 5 5
S_greedy value = 94.2386
S' value = 94.1452
After assignment, Smax:
3 1 32
4 0 41
10 3 104
12 5 126
18 1 182
18 5 186
19 9 200
20 5 206
22 9 230
25 0 251
39 4 395
41 7 418
49 1 492
52 5 526
57 7 578
65 9 660
71 6 717
80 7 808
82 7 828
82 9 830
83 4 835
83 8 839
84 3 844
85 9 860
93 2 933
96 2 963
99 8 999
Time Usage: 698 seconds.
